2023-02-04 14:34:47.440  INFO 20704 --- [main] com.dnslog.web.FiDnsLogApplication       : Starting FiDnsLogApplication on LAPTOP-KETGJ3NM with PID 20704 (D:\myproject\FiDNSLog\target\classes started by Lenovo in D:\myproject\FiDNSLog)
2023-02-04 14:34:47.445  INFO 20704 --- [main] com.dnslog.web.FiDnsLogApplication       : The following profiles are active: dev
2023-02-04 14:34:47.825  INFO 20704 --- [main] .s.d.r.c.RepositoryConfigurationDelegate : Multiple Spring Data modules found, entering strict repository configuration mode!
2023-02-04 14:34:47.827  INFO 20704 --- [main] .s.d.r.c.RepositoryConfigurationDelegate : Bootstrapping Spring Data Redis repositories in DEFAULT mode.
2023-02-04 14:34:47.867  INFO 20704 --- [main] .s.d.r.c.RepositoryConfigurationDelegate : Finished Spring Data repository scanning in 7ms. Found 0 Redis repository interfaces.
2023-02-04 14:34:48.151  INFO 20704 --- [main] o.s.b.w.embedded.tomcat.TomcatWebServer  : Tomcat initialized with port(s): 8888 (http)
2023-02-04 14:34:48.158  INFO 20704 --- [main] o.apache.catalina.core.StandardService   : Starting service [Tomcat]
2023-02-04 14:34:48.158  INFO 20704 --- [main] org.apache.catalina.core.StandardEngine  : Starting Servlet engine: [Apache Tomcat/9.0.41]
2023-02-04 14:34:48.224  INFO 20704 --- [main] o.a.c.c.C.[Tomcat].[localhost].[/]       : Initializing Spring embedded WebApplicationContext
2023-02-04 14:34:48.224  INFO 20704 --- [main] w.s.c.ServletWebServerApplicationContext : Root WebApplicationContext: initialization completed in 747 ms
2023-02-04 14:34:48.456  INFO 20704 --- [main] o.s.s.concurrent.ThreadPoolTaskExecutor  : Initializing ExecutorService 'applicationTaskExecutor'
2023-02-04 14:34:48.494  INFO 20704 --- [main] o.s.b.a.w.s.WelcomePageHandlerMapping    : Adding welcome page: class path resource [static/vue/index.html]
2023-02-04 14:34:48.786  INFO 20704 --- [main] o.s.b.w.embedded.tomcat.TomcatWebServer  : Tomcat started on port(s): 8888 (http) with context path ''
2023-02-04 14:34:48.792  INFO 20704 --- [main] com.dnslog.web.FiDnsLogApplication       : Started FiDnsLogApplication in 1.586 seconds (JVM running for 2.425)
2023-02-04 14:34:48.793  INFO 20704 --- [main] com.dnslog.web.utils.UDPListener         : ========================线程启动==============================
2023-02-04 14:34:48.793  INFO 20704 --- [main] com.dnslog.web.utils.UDPListener         : ===========UDPListener Start> port:53===========
2023-02-04 14:34:57.318  INFO 20704 --- [SpringContextShutdownHook] o.s.s.concurrent.ThreadPoolTaskExecutor  : Shutting down ExecutorService 'applicationTaskExecutor'
2023-02-04 14:34:59.271  INFO 6528 --- [main] com.dnslog.web.FiDnsLogApplication       : Starting FiDnsLogApplication on LAPTOP-KETGJ3NM with PID 6528 (D:\myproject\FiDNSLog\target\classes started by Lenovo in D:\myproject\FiDNSLog)
2023-02-04 14:34:59.272  INFO 6528 --- [main] com.dnslog.web.FiDnsLogApplication       : The following profiles are active: dev
2023-02-04 14:34:59.555  INFO 6528 --- [main] .s.d.r.c.RepositoryConfigurationDelegate : Multiple Spring Data modules found, entering strict repository configuration mode!
2023-02-04 14:34:59.556  INFO 6528 --- [main] .s.d.r.c.RepositoryConfigurationDelegate : Bootstrapping Spring Data Redis repositories in DEFAULT mode.
2023-02-04 14:34:59.572  INFO 6528 --- [main] .s.d.r.c.RepositoryConfigurationDelegate : Finished Spring Data repository scanning in 8ms. Found 0 Redis repository interfaces.
2023-02-04 14:34:59.819  INFO 6528 --- [main] o.s.b.w.embedded.tomcat.TomcatWebServer  : Tomcat initialized with port(s): 8888 (http)
2023-02-04 14:34:59.824  INFO 6528 --- [main] o.apache.catalina.core.StandardService   : Starting service [Tomcat]
2023-02-04 14:34:59.824  INFO 6528 --- [main] org.apache.catalina.core.StandardEngine  : Starting Servlet engine: [Apache Tomcat/9.0.41]
2023-02-04 14:34:59.870  INFO 6528 --- [main] o.a.c.c.C.[Tomcat].[localhost].[/]       : Initializing Spring embedded WebApplicationContext
2023-02-04 14:34:59.870  INFO 6528 --- [main] w.s.c.ServletWebServerApplicationContext : Root WebApplicationContext: initialization completed in 574 ms
2023-02-04 14:35:00.058  INFO 6528 --- [main] o.s.s.concurrent.ThreadPoolTaskExecutor  : Initializing ExecutorService 'applicationTaskExecutor'
2023-02-04 14:35:00.095  INFO 6528 --- [main] o.s.b.a.w.s.WelcomePageHandlerMapping    : Adding welcome page: class path resource [static/vue/index.html]
2023-02-04 14:35:00.358  INFO 6528 --- [main] o.s.b.w.embedded.tomcat.TomcatWebServer  : Tomcat started on port(s): 8888 (http) with context path ''
2023-02-04 14:35:00.364  INFO 6528 --- [main] com.dnslog.web.FiDnsLogApplication       : Started FiDnsLogApplication in 1.28 seconds (JVM running for 1.844)
2023-02-04 14:35:00.365  INFO 6528 --- [main] com.dnslog.web.utils.UDPListener         : ========================线程启动==============================
2023-02-04 14:35:00.365  INFO 6528 --- [main] com.dnslog.web.utils.UDPListener         : ===========UDPListener Start> port:53===========
2023-02-04 14:35:16.743  INFO 6528 --- [http-nio-8888-exec-1] o.a.c.c.C.[Tomcat].[localhost].[/]       : Initializing Spring DispatcherServlet 'dispatcherServlet'
2023-02-04 14:35:16.743  INFO 6528 --- [http-nio-8888-exec-1] o.s.web.servlet.DispatcherServlet        : Initializing Servlet 'dispatcherServlet'
2023-02-04 14:35:16.748  INFO 6528 --- [http-nio-8888-exec-1] o.s.web.servlet.DispatcherServlet        : Completed initialization in 4 ms
2023-02-04 14:35:16.834  INFO 6528 --- [http-nio-8888-exec-6] com.zaxxer.hikari.HikariDataSource       : HikariPool-1 - Starting...
2023-02-04 14:35:17.490  INFO 6528 --- [http-nio-8888-exec-6] com.zaxxer.hikari.HikariDataSource       : HikariPool-1 - Start completed.
2023-02-04 14:35:17.545  INFO 6528 --- [http-nio-8888-exec-6] com.dnslog.web.controller.WebController  : result:null
2023-02-04 14:37:13.366  INFO 6528 --- [SpringContextShutdownHook] o.s.s.concurrent.ThreadPoolTaskExecutor  : Shutting down ExecutorService 'applicationTaskExecutor'
2023-02-04 14:37:13.367  INFO 6528 --- [SpringContextShutdownHook] com.zaxxer.hikari.HikariDataSource       : HikariPool-1 - Shutdown initiated...
2023-02-04 14:37:13.374  INFO 6528 --- [SpringContextShutdownHook] com.zaxxer.hikari.HikariDataSource       : HikariPool-1 - Shutdown completed.
